\BOOKMARK [1][-]{section.1}{\376\377\000I\000n\000t\000r\000o\000d\000u\000c\000t\000i\000o\000n}{}% 1
\BOOKMARK [2][-]{subsection.1.1}{\376\377\000C\000o\000n\000t\000e\000x\000t\000e\000\040\000e\000t\000\040\000m\000o\000t\000i\000v\000a\000t\000i\000o\000n}{section.1}% 2
\BOOKMARK [2][-]{subsection.1.2}{\376\377\000C\000o\000n\000t\000r\000i\000b\000u\000t\000i\000o\000n\000\040\000s\000c\000i\000e\000n\000t\000i\000f\000i\000q\000u\000e}{section.1}% 3
\BOOKMARK [2][-]{subsection.1.3}{\376\377\000D\000\351\000c\000o\000u\000v\000e\000r\000t\000e\000\040\000p\000r\000i\000n\000c\000i\000p\000a\000l\000e}{section.1}% 4
\BOOKMARK [1][-]{section.2}{\376\377\000D\000e\000s\000c\000r\000i\000p\000t\000i\000o\000n\000\040\000d\000u\000\040\000P\000r\000o\000b\000l\000\350\000m\000e}{}% 5
\BOOKMARK [2][-]{subsection.2.1}{\376\377\000C\000o\000n\000t\000e\000x\000t\000e\000\040\000h\000o\000s\000p\000i\000t\000a\000l\000i\000e\000r\000\040\000q\000u\000\351\000b\000\351\000c\000o\000i\000s}{section.2}% 6
\BOOKMARK [2][-]{subsection.2.2}{\376\377\000D\000\351\000f\000i\000n\000i\000t\000i\000o\000n\000\040\000f\000o\000r\000m\000e\000l\000l\000e\000\040\000d\000u\000\040\000p\000r\000o\000b\000l\000\350\000m\000e}{section.2}% 7
\BOOKMARK [2][-]{subsection.2.3}{\376\377\000F\000o\000n\000c\000t\000i\000o\000n\000\040\000o\000b\000j\000e\000c\000t\000i\000f}{section.2}% 8
\BOOKMARK [1][-]{section.3}{\376\377\000A\000p\000p\000r\000o\000c\000h\000e\000s\000\040\000P\000r\000o\000p\000o\000s\000\351\000e\000s}{}% 9
\BOOKMARK [2][-]{subsection.3.1}{\376\377\000M\000o\000d\000\350\000l\000e\000\040\000d\000e\000\040\000P\000r\000o\000g\000r\000a\000m\000m\000a\000t\000i\000o\000n\000\040\000p\000a\000r\000\040\000C\000o\000n\000t\000r\000a\000i\000n\000t\000e\000s\000\040\000\050\000C\000P\000\051}{section.3}% 10
\BOOKMARK [3][-]{subsubsection.3.1.1}{\376\377\000V\000a\000r\000i\000a\000b\000l\000e\000s\000\040\000d\000e\000\040\000d\000\351\000c\000i\000s\000i\000o\000n}{subsection.3.1}% 11
\BOOKMARK [3][-]{subsubsection.3.1.2}{\376\377\000C\000o\000n\000t\000r\000a\000i\000n\000t\000e\000s}{subsection.3.1}% 12
\BOOKMARK [3][-]{subsubsection.3.1.3}{\376\377\000F\000o\000n\000c\000t\000i\000o\000n\000\040\000o\000b\000j\000e\000c\000t\000i\000f}{subsection.3.1}% 13
\BOOKMARK [3][-]{subsubsection.3.1.4}{\376\377\000S\000t\000r\000a\000t\000\351\000g\000i\000e\000\040\000d\000e\000\040\000r\000e\000c\000h\000e\000r\000c\000h\000e}{subsection.3.1}% 14
\BOOKMARK [2][-]{subsection.3.2}{\376\377\000M\000o\000d\000\350\000l\000e\000\040\000d\000e\000\040\000P\000r\000o\000g\000r\000a\000m\000m\000a\000t\000i\000o\000n\000\040\000L\000i\000n\000\351\000a\000i\000r\000e\000\040\000e\000n\000\040\000N\000o\000m\000b\000r\000e\000s\000\040\000E\000n\000t\000i\000e\000r\000s\000\040\000\050\000M\000I\000L\000P\000\051}{section.3}% 15
\BOOKMARK [3][-]{subsubsection.3.2.1}{\376\377\000V\000a\000r\000i\000a\000b\000l\000e\000s\000\040\000d\000e\000\040\000d\000\351\000c\000i\000s\000i\000o\000n}{subsection.3.2}% 16
\BOOKMARK [3][-]{subsubsection.3.2.2}{\376\377\000C\000o\000n\000t\000r\000a\000i\000n\000t\000e\000s}{subsection.3.2}% 17
\BOOKMARK [3][-]{subsubsection.3.2.3}{\376\377\000F\000o\000n\000c\000t\000i\000o\000n\000\040\000o\000b\000j\000e\000c\000t\000i\000f}{subsection.3.2}% 18
\BOOKMARK [2][-]{subsection.3.3}{\376\377\000D\000i\000f\000f\000\351\000r\000e\000n\000c\000e\000s\000\040\000f\000o\000n\000d\000a\000m\000e\000n\000t\000a\000l\000e\000s}{section.3}% 19
\BOOKMARK [1][-]{section.4}{\376\377\000P\000r\000o\000t\000o\000c\000o\000l\000e\000\040\000d\000'\000E\000x\000p\000\351\000r\000i\000m\000e\000n\000t\000a\000t\000i\000o\000n}{}% 20
\BOOKMARK [2][-]{subsection.4.1}{\376\377\000A\000r\000c\000h\000i\000t\000e\000c\000t\000u\000r\000e\000\040\000d\000u\000\040\000s\000y\000s\000t\000\350\000m\000e}{section.4}% 21
\BOOKMARK [2][-]{subsection.4.2}{\376\377\000I\000n\000s\000t\000a\000n\000c\000e\000s\000\040\000d\000e\000\040\000t\000e\000s\000t}{section.4}% 22
\BOOKMARK [2][-]{subsection.4.3}{\376\377\000M\000\351\000t\000r\000i\000q\000u\000e\000s\000\040\000\351\000v\000a\000l\000u\000\351\000e\000s}{section.4}% 23
\BOOKMARK [2][-]{subsection.4.4}{\376\377\000C\000o\000n\000f\000i\000g\000u\000r\000a\000t\000i\000o\000n\000\040\000m\000a\000t\000\351\000r\000i\000e\000l\000l\000e}{section.4}% 24
\BOOKMARK [1][-]{section.5}{\376\377\000R\000\351\000s\000u\000l\000t\000a\000t\000s\000\040\000E\000x\000p\000\351\000r\000i\000m\000e\000n\000t\000a\000u\000x}{}% 25
\BOOKMARK [2][-]{subsection.5.1}{\376\377\000R\000\351\000s\000u\000l\000t\000a\000t\000s\000\040\000a\000g\000r\000\351\000g\000\351\000s}{section.5}% 26
\BOOKMARK [2][-]{subsection.5.2}{\376\377\000V\000i\000s\000u\000a\000l\000i\000s\000a\000t\000i\000o\000n\000\040\000d\000e\000s\000\040\000r\000\351\000s\000u\000l\000t\000a\000t\000s}{section.5}% 27
\BOOKMARK [2][-]{subsection.5.3}{\376\377\000A\000n\000a\000l\000y\000s\000e\000\040\000d\000e\000s\000\040\000p\000e\000r\000f\000o\000r\000m\000a\000n\000c\000e\000s\000\040\000t\000e\000m\000p\000o\000r\000e\000l\000l\000e\000s}{section.5}% 28
\BOOKMARK [2][-]{subsection.5.4}{\376\377\000A\000n\000a\000l\000y\000s\000e\000\040\000d\000e\000\040\000l\000a\000\040\000q\000u\000a\000l\000i\000t\000\351\000\040\000d\000e\000s\000\040\000s\000o\000l\000u\000t\000i\000o\000n\000s}{section.5}% 29
\BOOKMARK [2][-]{subsection.5.5}{\376\377\000D\000\351\000t\000\351\000r\000i\000o\000r\000a\000t\000i\000o\000n\000\040\000d\000e\000s\000\040\000p\000a\000t\000i\000e\000n\000t\000s}{section.5}% 30
\BOOKMARK [2][-]{subsection.5.6}{\376\377\000V\000a\000r\000i\000a\000b\000i\000l\000i\000t\000\351\000\040\000d\000e\000s\000\040\000r\000\351\000s\000u\000l\000t\000a\000t\000s}{section.5}% 31
\BOOKMARK [1][-]{section.6}{\376\377\000D\000i\000s\000c\000u\000s\000s\000i\000o\000n}{}% 32
\BOOKMARK [2][-]{subsection.6.1}{\376\377\000I\000m\000p\000l\000i\000c\000a\000t\000i\000o\000n\000s\000\040\000p\000r\000a\000t\000i\000q\000u\000e\000s}{section.6}% 33
\BOOKMARK [2][-]{subsection.6.2}{\376\377\000C\000o\000m\000p\000a\000r\000a\000i\000s\000o\000n\000\040\000a\000v\000e\000c\000\040\000l\000a\000\040\000l\000i\000t\000t\000\351\000r\000a\000t\000u\000r\000e}{section.6}% 34
\BOOKMARK [2][-]{subsection.6.3}{\376\377\000L\000i\000m\000i\000t\000a\000t\000i\000o\000n\000s}{section.6}% 35
\BOOKMARK [2][-]{subsection.6.4}{\376\377\000P\000e\000r\000s\000p\000e\000c\000t\000i\000v\000e\000s\000\040\000d\000e\000\040\000r\000e\000c\000h\000e\000r\000c\000h\000e}{section.6}% 36
\BOOKMARK [2][-]{subsection.6.5}{\376\377\000L\000e\000\347\000o\000n\000s\000\040\000a\000p\000p\000r\000i\000s\000e\000s}{section.6}% 37
\BOOKMARK [1][-]{section.7}{\376\377\000C\000o\000n\000c\000l\000u\000s\000i\000o\000n}{}% 38
\BOOKMARK [2][-]{subsection.7.1}{\376\377\000C\000o\000n\000t\000r\000i\000b\000u\000t\000i\000o\000n\000s}{section.7}% 39
\BOOKMARK [2][-]{subsection.7.2}{\376\377\000P\000e\000r\000s\000p\000e\000c\000t\000i\000v\000e\000s\000\040\000i\000m\000m\000\351\000d\000i\000a\000t\000e\000s}{section.7}% 40
\BOOKMARK [2][-]{subsection.7.3}{\376\377\000V\000i\000s\000i\000o\000n\000\040\000\340\000\040\000l\000o\000n\000g\000\040\000t\000e\000r\000m\000e}{section.7}% 41
